============================= test session starts ==============================
platform linux -- Python 3.12.3, pytest-9.1.1, pluggy-1.6.0
rootdir: /mnt/c/PROJECTS/continuity_os
configfile: pytest.ini
collected 568 items

tests/test_composition_state_framework.py ..                             [  0%]
tests/test_input_contract_framework.py ..                                [  0%]
tests/test_metamorphic_framework.py ..                                   [  1%]
tests/test_pi001_failure_modes.py ............                           [  3%]
tests/test_pi001_integration.py ..................                       [  6%]
tests/test_pi001_unit.py .....                                           [  7%]
tests/test_projection.py ..                                              [  7%]
tests/test_routing_semantics_framework.py ...                            [  8%]
tests/test_semantic_ingress_framework.py ...                             [  8%]
tests/test_v210_patch.py .....                                           [  9%]
tests/test_v210_rc2.py .                                                 [  9%]
tests/test_v234_authority_analysis_atomicity.py .......                  [ 10%]
tests/test_v234_recovery_contract.py ..                                  [ 11%]
tests/test_v235_snapshot_freshness.py .....                              [ 12%]
tests/test_v236_snapshot_subject_binding.py .....                        [ 13%]
tests/test_v237_subject_materialization.py ....                          [ 13%]
tests/test_v238_checkpoint_receipt.py ....                               [ 14%]
tests/test_v239_checkpoint_restore.py ......                             [ 15%]
tests/test_v240_checkpoint_store.py .....                                [ 16%]
tests/test_v241_checkpoint_idempotency.py ...                            [ 16%]
tests/test_v242_namespace_confinement.py .....                           [ 17%]
tests/test_v243_history_integrity.py ....                                [ 18%]
tests/test_v244_checkpoint_scope.py ......                               [ 19%]
tests/test_v244_rc2.py .                                                 [ 19%]
tests/test_v24_patch.py ..                                               [ 20%]
tests/test_v25_patch.py ..                                               [ 20%]
tests/test_v26_patch.py ...                                              [ 20%]
tests/test_v26_rc2.py .                                                  [ 21%]
tests/test_v27_patch.py ..                                               [ 21%]
tests/test_v27_rc2.py ..                                                 [ 21%]
tests/test_v28_patch.py ......                                           [ 22%]
tests/test_v28_rc2.py .                                                  [ 23%]
tests/test_v29_patch.py ........                                         [ 24%]
tests/test_v300_research_integration.py .............                    [ 26%]
tests/test_v310_research_hardening.py ...........                        [ 28%]
tests/test_v320_action_assurance.py ...........................          [ 33%]
tests/test_v320_assurance_router.py .....                                [ 34%]
tests/test_v320_evidence_broker.py .............                         [ 36%]
tests/test_v320_fail_bench.py ......                                     [ 37%]
tests/test_v320_policy_lifecycle.py .........                            [ 39%]
tests/test_v330_assurance_attestation_trigger.py .                       [ 39%]
tests/test_v340_assured_action_scope_trigger.py .                        [ 39%]
tests/test_v350_effective_authorization_expiry_trigger.py .              [ 39%]
tests/test_v360_authenticated_example.py .                               [ 39%]
tests/test_v360_cryptographic_authenticity.py ..........                 [ 41%]
tests/test_v360_cryptographic_authenticity_trigger.py .                  [ 41%]
tests/test_v370_monotonic_trust_registry.py .........                    [ 43%]
tests/test_v370_trust_registry_trigger.py .                              [ 43%]
tests/test_v380_external_anchor_trigger.py .                             [ 43%]
tests/test_v380_external_registry_anchor.py ........                     [ 45%]
tests/test_v390_challenge_bound_anchor.py ..........                     [ 47%]
tests/test_v390_external_anchor_replay_trigger.py .                      [ 47%]
tests/test_v3_10_quorum_anchor.py ..........                             [ 48%]
tests/test_v3_10_quorum_trigger.py .                                     [ 49%]
tests/test_v3_11_authenticated_quorum_policy.py .......                  [ 50%]
tests/test_v3_11_quorum_policy_trigger.py .                              [ 50%]
tests/test_v3_12_policy_head_authority.py .........                      [ 52%]
tests/test_v3_12_policy_head_http.py ....                                [ 52%]
tests/test_v3_12_policy_head_schema.py ..                                [ 53%]
tests/test_v3_12_policy_head_trigger.py .                                [ 53%]
tests/test_v3_13_policy_head_quorum.py ......                            [ 54%]
tests/test_v3_13_policy_head_quorum_schema.py .                          [ 54%]
tests/test_v3_13_policy_head_quorum_trigger.py .                         [ 54%]
tests/test_v3_14_policy_transparency_floor.py ...........                [ 56%]
tests/test_v3_14_policy_transparency_floor_trigger.py .                  [ 56%]
tests/test_v3_15_policy_transparency_gossip.py .......                   [ 58%]
tests/test_v3_15_policy_transparency_gossip_trigger.py .                 [ 58%]
tests/test_v3_16_external_gossip_head.py ......                          [ 59%]
tests/test_v3_16_external_gossip_head_schema.py .                        [ 59%]
tests/test_v3_16_external_gossip_head_trigger.py .                       [ 59%]
tests/test_v3_17_external_gossip_head_quorum.py ......                   [ 60%]
tests/test_v3_17_external_gossip_head_quorum_schema.py .                 [ 60%]
tests/test_v3_17_external_gossip_head_quorum_trigger.py .                [ 61%]
tests/test_v3_18_conformance_schema.py .                                 [ 61%]
tests/test_v3_18_gossip_head_http.py ..                                  [ 61%]
tests/test_v3_19_grok_harness_adoption.py .........................      [ 66%]
tests/test_v3_19_harness_schemas.py .                                    [ 66%]
tests/test_v3_23_external_sandbox_attestation.py ......                  [ 67%]
tests/test_v3_23_external_sandbox_attestation_schemas.py .               [ 67%]
tests/test_v3_24_cross_harness_governance.py .............               [ 69%]
tests/test_v3_24_cross_harness_schemas.py .                              [ 69%]
tests/test_v3_25_target_normalization.py ......                          [ 70%]
tests/test_v3_25_target_normalization_schemas.py .                       [ 71%]
tests/test_v3_26_durable_dispatch.py .........                           [ 72%]
tests/test_v3_26_durable_dispatch_schemas.py .                           [ 72%]
tests/test_v3_27_external_execution_ledger.py .............              [ 75%]
tests/test_v3_27_external_execution_ledger_schemas.py .                  [ 75%]
tests/test_v3_28_execution_head_and_provider.py ....................     [ 78%]
tests/test_v3_28_execution_head_and_provider_schemas.py ..               [ 79%]
tests/test_v3_29_execution_head_quorum_and_completion_witness.py ....... [ 80%]
....................                                                     [ 83%]
tests/test_v3_29_execution_head_quorum_and_completion_witness_schemas.py . [ 84%]
.....                                                                    [ 85%]
tests/test_v3_30_completion_witness_quorum_and_worm_anchor.py .......... [ 86%]
...........                                                              [ 88%]
tests/test_v3_30_completion_witness_quorum_and_worm_anchor_schemas.py .. [ 89%]
...                                                                      [ 89%]
tests/test_v3_31_availability_closed_and_immutable_anchor.py ........... [ 91%]
...............                                                          [ 94%]
tests/test_v3_31_availability_closed_and_immutable_anchor_schemas.py ... [ 94%]
...                                                                      [ 95%]
tests/test_v3_32_provider_native_and_completion_transparency.py ........ [ 96%]
............                                                             [ 98%]
tests/test_v3_32_provider_native_and_completion_transparency_schemas.py . [ 98%]
......                                                                   [100%]

============================= 568 passed in 31.80s =============================
