============================= test session starts ==============================
platform linux -- Python 3.12.3, pytest-9.1.1, pluggy-1.6.0
rootdir: /mnt/c/PROJECTS/continuity_os
configfile: pytest.ini
collected 607 items

tests/test_composition_state_framework.py ..                             [  0%]
tests/test_input_contract_framework.py ..                                [  0%]
tests/test_metamorphic_framework.py ..                                   [  0%]
tests/test_pi001_failure_modes.py ............                           [  2%]
tests/test_pi001_integration.py ..................                       [  5%]
tests/test_pi001_unit.py .....                                           [  6%]
tests/test_pi002_adversarial.py ......                                   [  7%]
tests/test_pi002_leaf_profile_corrections.py ............                [  9%]
tests/test_pi002_negative_controls.py ................                   [ 12%]
tests/test_pi002_spire_integration.py ..                                 [ 12%]
tests/test_pi002_unit.py ...                                             [ 13%]
tests/test_projection.py ..                                              [ 13%]
tests/test_routing_semantics_framework.py ...                            [ 14%]
tests/test_semantic_ingress_framework.py ...                             [ 14%]
tests/test_v210_patch.py .....                                           [ 15%]
tests/test_v210_rc2.py .                                                 [ 15%]
tests/test_v234_authority_analysis_atomicity.py .......                  [ 16%]
tests/test_v234_recovery_contract.py ..                                  [ 16%]
tests/test_v235_snapshot_freshness.py .....                              [ 17%]
tests/test_v236_snapshot_subject_binding.py .....                        [ 18%]
tests/test_v237_subject_materialization.py ....                          [ 19%]
tests/test_v238_checkpoint_receipt.py ....                               [ 19%]
tests/test_v239_checkpoint_restore.py ......                             [ 20%]
tests/test_v240_checkpoint_store.py .....                                [ 21%]
tests/test_v241_checkpoint_idempotency.py ...                            [ 22%]
tests/test_v242_namespace_confinement.py .....                           [ 23%]
tests/test_v243_history_integrity.py ....                                [ 23%]
tests/test_v244_checkpoint_scope.py ......                               [ 24%]
tests/test_v244_rc2.py .                                                 [ 24%]
tests/test_v24_patch.py ..                                               [ 25%]
tests/test_v25_patch.py ..                                               [ 25%]
tests/test_v26_patch.py ...                                              [ 26%]
tests/test_v26_rc2.py .                                                  [ 26%]
tests/test_v27_patch.py ..                                               [ 26%]
tests/test_v27_rc2.py ..                                                 [ 26%]
tests/test_v28_patch.py ......                                           [ 27%]
tests/test_v28_rc2.py .                                                  [ 28%]
tests/test_v29_patch.py ........                                         [ 29%]
tests/test_v300_research_integration.py .............                    [ 31%]
tests/test_v310_research_hardening.py ...........                        [ 33%]
tests/test_v320_action_assurance.py ...........................          [ 37%]
tests/test_v320_assurance_router.py .....                                [ 38%]
tests/test_v320_evidence_broker.py .............                         [ 40%]
tests/test_v320_fail_bench.py ......                                     [ 41%]
tests/test_v320_policy_lifecycle.py .........                            [ 43%]
tests/test_v330_assurance_attestation_trigger.py .                       [ 43%]
tests/test_v340_assured_action_scope_trigger.py .                        [ 43%]
tests/test_v350_effective_authorization_expiry_trigger.py .              [ 43%]
tests/test_v360_authenticated_example.py .                               [ 43%]
tests/test_v360_cryptographic_authenticity.py ..........                 [ 45%]
tests/test_v360_cryptographic_authenticity_trigger.py .                  [ 45%]
tests/test_v370_monotonic_trust_registry.py .........                    [ 47%]
tests/test_v370_trust_registry_trigger.py .                              [ 47%]
tests/test_v380_external_anchor_trigger.py .                             [ 47%]
tests/test_v380_external_registry_anchor.py ........                     [ 48%]
tests/test_v390_challenge_bound_anchor.py ..........                     [ 50%]
tests/test_v390_external_anchor_replay_trigger.py .                      [ 50%]
tests/test_v3_10_quorum_anchor.py ..........                             [ 52%]
tests/test_v3_10_quorum_trigger.py .                                     [ 52%]
tests/test_v3_11_authenticated_quorum_policy.py .......                  [ 53%]
tests/test_v3_11_quorum_policy_trigger.py .                              [ 53%]
tests/test_v3_12_policy_head_authority.py .........                      [ 55%]
tests/test_v3_12_policy_head_http.py ....                                [ 55%]
tests/test_v3_12_policy_head_schema.py ..                                [ 56%]
tests/test_v3_12_policy_head_trigger.py .                                [ 56%]
tests/test_v3_13_policy_head_quorum.py ......                            [ 57%]
tests/test_v3_13_policy_head_quorum_schema.py .                          [ 57%]
tests/test_v3_13_policy_head_quorum_trigger.py .                         [ 57%]
tests/test_v3_14_policy_transparency_floor.py ...........                [ 59%]
tests/test_v3_14_policy_transparency_floor_trigger.py .                  [ 59%]
tests/test_v3_15_policy_transparency_gossip.py .......                   [ 60%]
tests/test_v3_15_policy_transparency_gossip_trigger.py .                 [ 60%]
tests/test_v3_16_external_gossip_head.py ......                          [ 61%]
tests/test_v3_16_external_gossip_head_schema.py .                        [ 62%]
tests/test_v3_16_external_gossip_head_trigger.py .                       [ 62%]
tests/test_v3_17_external_gossip_head_quorum.py ......                   [ 63%]
tests/test_v3_17_external_gossip_head_quorum_schema.py .                 [ 63%]
tests/test_v3_17_external_gossip_head_quorum_trigger.py .                [ 63%]
tests/test_v3_18_conformance_schema.py .                                 [ 63%]
tests/test_v3_18_gossip_head_http.py ..                                  [ 64%]
tests/test_v3_19_grok_harness_adoption.py .........................      [ 68%]
tests/test_v3_19_harness_schemas.py .                                    [ 68%]
tests/test_v3_23_external_sandbox_attestation.py ......                  [ 69%]
tests/test_v3_23_external_sandbox_attestation_schemas.py .               [ 69%]
tests/test_v3_24_cross_harness_governance.py .............               [ 71%]
tests/test_v3_24_cross_harness_schemas.py .                              [ 71%]
tests/test_v3_25_target_normalization.py ......                          [ 72%]
tests/test_v3_25_target_normalization_schemas.py .                       [ 72%]
tests/test_v3_26_durable_dispatch.py .........                           [ 74%]
tests/test_v3_26_durable_dispatch_schemas.py .                           [ 74%]
tests/test_v3_27_external_execution_ledger.py .............              [ 76%]
tests/test_v3_27_external_execution_ledger_schemas.py .                  [ 76%]
tests/test_v3_28_execution_head_and_provider.py ....................     [ 80%]
tests/test_v3_28_execution_head_and_provider_schemas.py ..               [ 80%]
tests/test_v3_29_execution_head_quorum_and_completion_witness.py ....... [ 81%]
....................                                                     [ 85%]
tests/test_v3_29_execution_head_quorum_and_completion_witness_schemas.py . [ 85%]
.....                                                                    [ 85%]
tests/test_v3_30_completion_witness_quorum_and_worm_anchor.py .......... [ 87%]
...........                                                              [ 89%]
tests/test_v3_30_completion_witness_quorum_and_worm_anchor_schemas.py .. [ 89%]
...                                                                      [ 90%]
tests/test_v3_31_availability_closed_and_immutable_anchor.py ........... [ 92%]
...............                                                          [ 94%]
tests/test_v3_31_availability_closed_and_immutable_anchor_schemas.py ... [ 95%]
...                                                                      [ 95%]
tests/test_v3_32_provider_native_and_completion_transparency.py ........ [ 96%]
............                                                             [ 98%]
tests/test_v3_32_provider_native_and_completion_transparency_schemas.py . [ 99%]
......                                                                   [100%]

======================== 607 passed in 71.13s (0:01:11) ========================

